<?xml version="1.0" encoding="UTF-8"?>
<!-- Generated by org.testng.reporters.JUnitReportReporter -->
<testsuite hostname="Krishanu-PC" failures="0" tests="3" name="com.testng.dataprovider.DataProviderWithExcel" time="0.019" errors="0" timestamp="2021-06-19T17:35:50 IST" skipped="0">
  <testcase classname="com.testng.dataprovider.DataProviderWithExcel" name="test2" time="0.003"/>
  <testcase classname="com.testng.dataprovider.DataProviderWithExcel" name="test2" time="0.002"/>
  <testcase classname="com.testng.dataprovider.DataProviderWithExcel" name="test2" time="0.014"/>
</testsuite> <!-- com.testng.dataprovider.DataProviderWithExcel -->
