<?xml version="1.0" encoding="UTF-8"?>
<!-- Generated by org.testng.reporters.JUnitReportReporter -->
<testsuite hostname="Krishanu-PC" failures="0" tests="1" name="com.assertj.AssertJDemo" time="0.162" errors="0" timestamp="2021-06-16T20:32:24 IST" skipped="0">
  <testcase classname="com.assertj.AssertJDemo" name="listTest" time="0.162"/>
</testsuite> <!-- com.assertj.AssertJDemo -->
