<?xml version="1.0" encoding="UTF-8"?>
<!-- Generated by org.testng.reporters.JUnitReportReporter -->
<testsuite hostname="Krishanu-PC" failures="0" tests="1" name="com.Tests.LoginPageTests" time="98.590" errors="0" timestamp="2021-06-15T23:04:46 IST" skipped="0">
  <testcase classname="com.Tests.LoginPageTests" name="test1" time="98.590"/>
</testsuite> <!-- com.Tests.LoginPageTests -->
