<?xml version="1.0" encoding="UTF-8"?>
<!-- Generated by org.testng.reporters.JUnitReportReporter -->
<testsuite hostname="Krishanu-PC" failures="0" tests="1" name="com.Tests.HomePageTests" time="9.421" errors="0" timestamp="2021-06-16T23:59:15 IST" skipped="0">
  <testcase classname="com.Tests.HomePageTests" name="test2" time="9.421"/>
</testsuite> <!-- com.Tests.HomePageTests -->
