<?xml version="1.0" encoding="UTF-8"?>
<!-- Generated by org.testng.reporters.JUnitReportReporter -->
<testsuite hostname="Krishanu-PC" failures="0" tests="2" name="com.testng.dataprovider.DataProviderTest" time="0.010" errors="0" timestamp="2021-06-19T01:30:57 IST" skipped="0">
  <testcase classname="com.testng.dataprovider.DataProviderTest" name="test2" time="0.000"/>
  <testcase classname="com.testng.dataprovider.DataProviderTest" name="test2" time="0.010"/>
</testsuite> <!-- com.testng.dataprovider.DataProviderTest -->
