<?xml version="1.0" encoding="UTF-8"?>
<!-- Generated by org.testng.reporters.JUnitReportReporter -->
<testsuite hostname="Krishanu-PC" failures="0" tests="4" name="com.testng.dataprovider.DataProvider2" time="0.018" errors="0" timestamp="2021-06-19T01:55:16 IST" skipped="0">
  <testcase classname="com.testng.dataprovider.DataProvider2" name="test2" time="0.001"/>
  <testcase classname="com.testng.dataprovider.DataProvider2" name="test2" time="0.002"/>
  <testcase classname="com.testng.dataprovider.DataProvider2" name="test1" time="0.013"/>
  <testcase classname="com.testng.dataprovider.DataProvider2" name="test1" time="0.002"/>
</testsuite> <!-- com.testng.dataprovider.DataProvider2 -->
