<?xml version="1.0" encoding="UTF-8"?>
<!-- Generated by org.testng.reporters.JUnitReportReporter -->
<testsuite hostname="Krishanu-PC" failures="0" tests="2" name="com.testng.dataprovider.DataProviderWithJSON" time="0.016" errors="0" timestamp="2021-06-19T22:18:02 IST" skipped="0">
  <testcase classname="com.testng.dataprovider.DataProviderWithJSON" name="testWithJSON" time="0.014"/>
  <testcase classname="com.testng.dataprovider.DataProviderWithJSON" name="testWithJSON" time="0.002"/>
</testsuite> <!-- com.testng.dataprovider.DataProviderWithJSON -->
