<?xml version="1.0" encoding="UTF-8"?>
<!-- Generated by org.testng.reporters.JUnitReportReporter -->
<testsuite skipped="0" hostname="Krishanu-PC" name="com.DockerExecution.TestInDocker" tests="4" failures="0" timestamp="2021-06-30T16:04:49 IST" time="188.625" errors="0">
  <testcase name="dockerTest1" time="36.869" classname="com.DockerExecution.TestInDocker"/>
  <system-out/>
  <testcase name="dockerTest1" time="58.793" classname="com.DockerExecution.TestInDocker"/>
  <system-out/>
  <testcase name="dockerTest1" time="37.057" classname="com.DockerExecution.TestInDocker"/>
  <system-out/>
  <testcase name="dockerTest1" time="55.906" classname="com.DockerExecution.TestInDocker"/>
  <system-out/>
</testsuite> <!-- com.DockerExecution.TestInDocker -->
